<?xml version="1.0" encoding="UTF-8"?>
<!-- Generated by org.testng.reporters.JUnitReportReporter -->
<testsuite hostname="DESKTOP-R4Q13J9" failures="0" tests="1" name="TestCases.TC001_AccountRegistrationTest" time="1.604" errors="0" timestamp="2024-08-20T18:05:27 IST" skipped="0">
  <testcase classname="TestCases.TC001_AccountRegistrationTest" name="verifyRegistration" time="1.604"/>
</testsuite> <!-- TestCases.TC001_AccountRegistrationTest -->
