<?xml version="1.0" encoding="UTF-8"?>
<!-- Generated by org.testng.reporters.JUnitReportReporter -->
<testsuite hostname="DESKTOP-R4Q13J9" failures="0" tests="1" name="TestCases.TC002_LoginTest" time="1.539" errors="0" timestamp="2024-08-27T12:35:00 IST" skipped="0">
  <testcase classname="TestCases.TC002_LoginTest" name="verifyLogin" time="1.539"/>
</testsuite> <!-- TestCases.TC002_LoginTest -->
